===============================================================
Gobuster v3.1.0
by OJ Reeves (@TheColonial) & Christian Mehlmauer (@firefart)
===============================================================
[+] Url:                     http://10.10.239.129
[+] Method:                  GET
[+] Threads:                 100
[+] Wordlist:                /usr/share/dirb/wordlists/big.txt
[+] Negative Status codes:   404
[+] User Agent:              gobuster/3.1.0
[+] Timeout:                 10s
===============================================================
2021/03/21 08:04:51 Starting gobuster in directory enumeration mode
===============================================================
/aboutus              (Status: 301) [Size: 0] [--> aboutus/]
/admin                (Status: 301) [Size: 42] [--> /admin/]
/css                  (Status: 301) [Size: 0] [--> css/]    
/downloads            (Status: 301) [Size: 0] [--> downloads/]
/img                  (Status: 301) [Size: 0] [--> img/]      
                                                              
===============================================================
2021/03/21 08:05:28 Finished
===============================================================
