Starting Nmap 7.91 ( https://nmap.org ) at 2021-04-03 09:16 EDT
Nmap scan report for 10.10.232.165
Host is up (0.44s latency).
Not shown: 991 closed ports
PORT      STATE SERVICE      VERSION
135/tcp   open  msrpc        Microsoft Windows RPC
139/tcp   open  netbios-ssn  Microsoft Windows netbios-ssn
445/tcp   open  microsoft-ds Windows 7 Professional 7601 Service Pack 1 microsoft-ds (workgroup: WORKGROUP)
3389/tcp  open  tcpwrapped
| ssl-cert: Subject: commonName=Jon-PC
| Not valid before: 2021-04-02T13:12:51
|_Not valid after:  2021-10-02T13:12:51
|_ssl-date: 2021-04-03T13:17:54+00:00; +1s from scanner time.
49152/tcp open  msrpc        Microsoft Windows RPC
49153/tcp open  msrpc        Microsoft Windows RPC
49154/tcp open  msrpc        Microsoft Windows RPC
49158/tcp open  msrpc        Microsoft Windows RPC
49160/tcp open  msrpc        Microsoft Windows RPC
Service Info: Host: JON-PC; OS: Windows; CPE: cpe:/o:microsoft:windows

Host script results:
|_clock-skew: mean: 1h15m00s, deviation: 2h30m00s, median: 0s
|_nbstat: NetBIOS name: JON-PC, NetBIOS user: <unknown>, NetBIOS MAC: 02:0c:4c:4f:be:33 (unknown)
| smb-os-discovery: 
|   OS: Windows 7 Professional 7601 Service Pack 1 (Windows 7 Professional 6.1)
|   OS CPE: cpe:/o:microsoft:windows_7::sp1:professional
|   Computer name: Jon-PC
|   NetBIOS computer name: JON-PC\x00
|   Workgroup: WORKGROUP\x00
|_  System time: 2021-04-03T08:17:38-05:00
| smb-security-mode: 
|   account_used: guest
|   authentication_level: user
|   challenge_response: supported
|_  message_signing: disabled (dangerous, but default)
| smb2-security-mode: 
|   2.02: 
|_    Message signing enabled but not required
| smb2-time: 
|   date: 2021-04-03T13:17:39
|_  start_date: 2021-04-03T13:12:50

Service detection performed. Please report any incorrect results at https://nmap.org/submit/ .
Nmap done: 1 IP address (1 host up) scanned in 101.42 seconds
